#! /c/Source/iverilog-install/bin/vvp
:ivl_version "12.0 (devel)" "(s20150603-1539-g2693dd32b)";
:ivl_delay_selection "TYPICAL";
:vpi_time_precision - 12;
:vpi_module "C:\iverilog\lib\ivl\system.vpi";
:vpi_module "C:\iverilog\lib\ivl\vhdl_sys.vpi";
:vpi_module "C:\iverilog\lib\ivl\vhdl_textio.vpi";
:vpi_module "C:\iverilog\lib\ivl\v2005_math.vpi";
:vpi_module "C:\iverilog\lib\ivl\va_math.vpi";
S_00000261acd04320 .scope module, "tb" "tb" 2 4;
 .timescale -9 -12;
v00000261acd94d70_0 .var "clk", 0 0;
v00000261acd95e50_0 .var "reset", 0 0;
S_00000261acd238c0 .scope module, "uut" "top" 2 8, 3 10 0, S_00000261acd04320;
 .timescale -9 -12;
    .port_info 0 /INPUT 1 "reset";
    .port_info 1 /INPUT 1 "clk";
L_00000261acdd0088 .functor BUFT 1, C4<1>, C4<0>, C4<0>, C4<0>;
L_00000261acd260c0 .functor XNOR 1, L_00000261acd95f90, L_00000261acdd0088, C4<0>, C4<0>;
L_00000261acdd00d0 .functor BUFT 1, C4<1>, C4<0>, C4<0>, C4<0>;
L_00000261acd267c0 .functor XNOR 1, v00000261acd8b7f0_0, L_00000261acdd00d0, C4<0>, C4<0>;
L_00000261acd26440 .functor AND 1, L_00000261acd260c0, L_00000261acd267c0, C4<1>, C4<1>;
v00000261acd8c510_0 .net "ExtImmediate", 31 0, v00000261acd8b1b0_0;  1 drivers
v00000261acd8bc50_0 .net *"_ivl_10", 0 0, L_00000261acd267c0;  1 drivers
v00000261acd8c5b0_0 .net *"_ivl_13", 0 0, L_00000261acd26440;  1 drivers
v00000261acd8b070_0 .net *"_ivl_14", 31 0, L_00000261acd95ef0;  1 drivers
L_00000261acdd0118 .functor BUFT 1, C4<00000000000000000000000000000001>, C4<0>, C4<0>, C4<0>;
v00000261acd8b6b0_0 .net/2u *"_ivl_16", 31 0, L_00000261acdd0118;  1 drivers
v00000261acd8b750_0 .net *"_ivl_18", 31 0, L_00000261acd959f0;  1 drivers
v00000261acd8c330_0 .net/2u *"_ivl_4", 0 0, L_00000261acdd0088;  1 drivers
v00000261acd96530_0 .net *"_ivl_6", 0 0, L_00000261acd260c0;  1 drivers
v00000261acd956d0_0 .net/2u *"_ivl_8", 0 0, L_00000261acdd00d0;  1 drivers
v00000261acd968f0_0 .net "aluOp", 1 0, v00000261acd013e0_0;  1 drivers
v00000261acd95a90_0 .net "aluOperand2", 31 0, L_00000261acd95310;  1 drivers
v00000261acd95c70_0 .net "aluOperation", 3 0, v00000261acd01340_0;  1 drivers
v00000261acd953b0_0 .net "aluResult", 31 0, v00000261acd01020_0;  1 drivers
v00000261acd94c30_0 .net "aluSRC", 0 0, v00000261acd01480_0;  1 drivers
v00000261acd96990_0 .net "brOut", 0 0, v00000261acd8b7f0_0;  1 drivers
v00000261acd960d0_0 .net "clk", 0 0, v00000261acd94d70_0;  1 drivers
v00000261acd95810_0 .net "dm_data_out", 31 0, L_00000261acd96170;  1 drivers
v00000261acd95770_0 .net "instr_top", 31 0, L_00000261acd26520;  1 drivers
v00000261acd958b0_0 .net "memReadOut", 0 0, v00000261acd8c8d0_0;  1 drivers
v00000261acd95db0_0 .net "memToRegOut", 0 0, v00000261acd8af30_0;  1 drivers
v00000261acd95590_0 .net "memWriteOut", 0 0, v00000261acd8c650_0;  1 drivers
v00000261acd963f0_0 .net "pc_top", 31 0, v00000261acd01520_0;  1 drivers
v00000261acd96490_0 .net "pc_updated", 31 0, L_00000261acd95630;  1 drivers
v00000261acd95950_0 .net "regWrData", 31 0, L_00000261acd965d0;  1 drivers
v00000261acd95270_0 .net "regWrEn", 0 0, v00000261acd8bed0_0;  1 drivers
v00000261acd96210_0 .net "reg_out1", 31 0, L_00000261acd26830;  1 drivers
v00000261acd94ff0_0 .net "reg_out2", 31 0, L_00000261acd268a0;  1 drivers
v00000261acd96670_0 .net "reset", 0 0, v00000261acd95e50_0;  1 drivers
v00000261acd954f0_0 .net "zeroOut", 0 0, L_00000261acd95f90;  1 drivers
L_00000261acd95310 .functor MUXZ 32, L_00000261acd268a0, v00000261acd8b1b0_0, v00000261acd01480_0, C4<>;
L_00000261acd965d0 .functor MUXZ 32, v00000261acd01020_0, L_00000261acd96170, v00000261acd8af30_0, C4<>;
L_00000261acd95ef0 .arith/sum 32, v00000261acd01520_0, v00000261acd8b1b0_0;
L_00000261acd959f0 .arith/sum 32, v00000261acd01520_0, L_00000261acdd0118;
L_00000261acd95630 .functor MUXZ 32, L_00000261acd959f0, L_00000261acd95ef0, L_00000261acd26440, C4<>;
S_00000261acd23a50 .scope module, "PC" "program_counter" 3 30, 4 1 0, S_00000261acd238c0;
 .timescale -9 -12;
    .port_info 0 /INPUT 1 "clk";
    .port_info 1 /INPUT 1 "reset";
    .port_info 2 /INPUT 32 "PC_in";
    .port_info 3 /OUTPUT 32 "PC_out";
v00000261acd01980_0 .net "PC_in", 31 0, L_00000261acd95630;  alias, 1 drivers
v00000261acd01520_0 .var "PC_out", 31 0;
v00000261acd01a20_0 .net "clk", 0 0, v00000261acd94d70_0;  alias, 1 drivers
v00000261acd00e40_0 .net "reset", 0 0, v00000261acd95e50_0;  alias, 1 drivers
E_00000261acd34e10 .event posedge, v00000261acd01a20_0;
S_00000261acd05d50 .scope module, "alu" "ALU" 3 34, 5 1 0, S_00000261acd238c0;
 .timescale -9 -12;
    .port_info 0 /INPUT 32 "op1";
    .port_info 1 /INPUT 32 "op2";
    .port_info 2 /OUTPUT 1 "zero";
    .port_info 3 /OUTPUT 32 "result";
    .port_info 4 /INPUT 4 "operation";
L_00000261acdd0238 .functor BUFT 1, C4<00000000000000000000000000000000>, C4<0>, C4<0>, C4<0>;
v00000261acd00f80_0 .net/2u *"_ivl_0", 31 0, L_00000261acdd0238;  1 drivers
v00000261acd01c00_0 .net "op1", 31 0, L_00000261acd26830;  alias, 1 drivers
v00000261acd01ca0_0 .net "op2", 31 0, L_00000261acd95310;  alias, 1 drivers
v00000261acd00da0_0 .net "operation", 3 0, v00000261acd01340_0;  alias, 1 drivers
v00000261acd01020_0 .var "result", 31 0;
v00000261acd01160_0 .net "zero", 0 0, L_00000261acd95f90;  alias, 1 drivers
E_00000261acd35610 .event anyedge, v00000261acd00da0_0, v00000261acd01c00_0, v00000261acd01ca0_0;
L_00000261acd95f90 .cmp/eq 32, v00000261acd01020_0, L_00000261acdd0238;
S_00000261acd05ee0 .scope module, "alu_cu" "ALU_control" 3 36, 6 1 0, S_00000261acd238c0;
 .timescale -9 -12;
    .port_info 0 /INPUT 32 "instr";
    .port_info 1 /INPUT 2 "ALUop";
    .port_info 2 /OUTPUT 4 "operation";
v00000261acd010c0_0 .net "ALUop", 1 0, v00000261acd013e0_0;  alias, 1 drivers
v00000261acd01200_0 .net "instr", 31 0, L_00000261acd26520;  alias, 1 drivers
v00000261acd01340_0 .var "operation", 3 0;
E_00000261acd35a10 .event anyedge, v00000261acd010c0_0, v00000261acd01200_0;
S_00000261acd1fe50 .scope module, "cu" "control" 3 35, 7 1 0, S_00000261acd238c0;
 .timescale -9 -12;
    .port_info 0 /INPUT 32 "instr";
    .port_info 1 /OUTPUT 1 "branch";
    .port_info 2 /OUTPUT 1 "memRead";
    .port_info 3 /OUTPUT 1 "memToReg";
    .port_info 4 /OUTPUT 2 "ALUop";
    .port_info 5 /OUTPUT 1 "memWrite";
    .port_info 6 /OUTPUT 1 "ALUsrc";
    .port_info 7 /OUTPUT 1 "regWrite";
v00000261acd013e0_0 .var "ALUop", 1 0;
v00000261acd01480_0 .var "ALUsrc", 0 0;
v00000261acd8b7f0_0 .var "branch", 0 0;
v00000261acd8b250_0 .net "instr", 31 0, L_00000261acd26520;  alias, 1 drivers
v00000261acd8c8d0_0 .var "memRead", 0 0;
v00000261acd8af30_0 .var "memToReg", 0 0;
v00000261acd8c650_0 .var "memWrite", 0 0;
v00000261acd8b4d0_0 .net "opcode", 6 0, L_00000261acd94f50;  1 drivers
v00000261acd8bed0_0 .var "regWrite", 0 0;
E_00000261acd35a50 .event anyedge, v00000261acd8b4d0_0;
L_00000261acd94f50 .part L_00000261acd26520, 0, 7;
S_00000261acd1ffe0 .scope module, "dm1" "data_mem" 3 33, 8 1 0, S_00000261acd238c0;
 .timescale -9 -12;
    .port_info 0 /INPUT 1 "clk";
    .port_info 1 /INPUT 1 "reset";
    .port_info 2 /INPUT 1 "memWrite";
    .port_info 3 /INPUT 1 "memRead";
    .port_info 4 /INPUT 32 "addr";
    .port_info 5 /INPUT 32 "write_data";
    .port_info 6 /OUTPUT 32 "read_data";
v00000261acd8ac10_0 .net *"_ivl_0", 31 0, L_00000261acd96850;  1 drivers
L_00000261acdd01f0 .functor BUFT 1, C4<00000000000000000000000000000000>, C4<0>, C4<0>, C4<0>;
v00000261acd8b2f0_0 .net/2u *"_ivl_2", 31 0, L_00000261acdd01f0;  1 drivers
v00000261acd8c6f0_0 .net "addr", 31 0, v00000261acd01020_0;  alias, 1 drivers
v00000261acd8b110_0 .net "clk", 0 0, v00000261acd94d70_0;  alias, 1 drivers
v00000261acd8aad0 .array "data_mem", 63 0, 31 0;
v00000261acd8bd90_0 .var/i "i", 31 0;
v00000261acd8bcf0_0 .net "memRead", 0 0, v00000261acd8c8d0_0;  alias, 1 drivers
v00000261acd8ad50_0 .net "memWrite", 0 0, v00000261acd8c650_0;  alias, 1 drivers
v00000261acd8b390_0 .net "read_data", 31 0, L_00000261acd96170;  alias, 1 drivers
v00000261acd8be30_0 .net "reset", 0 0, v00000261acd95e50_0;  alias, 1 drivers
v00000261acd8b890_0 .net "write_data", 31 0, L_00000261acd268a0;  alias, 1 drivers
L_00000261acd96850 .array/port v00000261acd8aad0, v00000261acd01020_0;
L_00000261acd96170 .functor MUXZ 32, L_00000261acdd01f0, L_00000261acd96850, v00000261acd8c8d0_0, C4<>;
S_00000261acd21ba0 .scope module, "imm_gen1" "imm_gen" 3 37, 9 1 0, S_00000261acd238c0;
 .timescale -9 -12;
    .port_info 0 /INPUT 32 "instr";
    .port_info 1 /OUTPUT 32 "immExt";
v00000261acd8b1b0_0 .var "immExt", 31 0;
v00000261acd8b430_0 .net "instr", 31 0, L_00000261acd26520;  alias, 1 drivers
E_00000261acd35150 .event anyedge, v00000261acd01200_0;
S_00000261acd21d30 .scope module, "inst_mem1" "inst_mem" 3 31, 10 1 0, S_00000261acd238c0;
 .timescale -9 -12;
    .port_info 0 /INPUT 1 "clk";
    .port_info 1 /INPUT 1 "reset";
    .port_info 2 /INPUT 32 "read_addr";
    .port_info 3 /OUTPUT 32 "instr";
L_00000261acd26520 .functor BUFZ 32, L_00000261acd95bd0, C4<00000000000000000000000000000000>, C4<00000000000000000000000000000000>, C4<00000000000000000000000000000000>;
v00000261acd8b610_0 .net *"_ivl_0", 31 0, L_00000261acd95bd0;  1 drivers
v00000261acd8c790_0 .net "clk", 0 0, v00000261acd94d70_0;  alias, 1 drivers
v00000261acd8ab70_0 .net "instr", 31 0, L_00000261acd26520;  alias, 1 drivers
v00000261acd8c1f0 .array "instr_memory", 63 0, 31 0;
v00000261acd8b930_0 .net "read_addr", 31 0, v00000261acd01520_0;  alias, 1 drivers
v00000261acd8bf70_0 .net "reset", 0 0, v00000261acd95e50_0;  alias, 1 drivers
L_00000261acd95bd0 .array/port v00000261acd8c1f0, v00000261acd01520_0;
S_00000261acd177a0 .scope module, "reg_file1" "reg_file" 3 32, 11 1 0, S_00000261acd238c0;
 .timescale -9 -12;
    .port_info 0 /INPUT 1 "clk";
    .port_info 1 /INPUT 1 "reset";
    .port_info 2 /INPUT 32 "instr";
    .port_info 3 /INPUT 32 "write_data";
    .port_info 4 /INPUT 1 "regWrite";
    .port_info 5 /OUTPUT 32 "rd_data1";
    .port_info 6 /OUTPUT 32 "rd_data2";
L_00000261acd26830 .functor BUFZ 32, L_00000261acd96710, C4<00000000000000000000000000000000>, C4<00000000000000000000000000000000>, C4<00000000000000000000000000000000>;
L_00000261acd268a0 .functor BUFZ 32, L_00000261acd95450, C4<00000000000000000000000000000000>, C4<00000000000000000000000000000000>, C4<00000000000000000000000000000000>;
v00000261acd8acb0_0 .net *"_ivl_12", 31 0, L_00000261acd95450;  1 drivers
v00000261acd8b570_0 .net *"_ivl_15", 4 0, L_00000261acd967b0;  1 drivers
v00000261acd8b9d0_0 .net *"_ivl_16", 6 0, L_00000261acd94af0;  1 drivers
L_00000261acdd01a8 .functor BUFT 1, C4<00>, C4<0>, C4<0>, C4<0>;
v00000261acd8adf0_0 .net *"_ivl_19", 1 0, L_00000261acdd01a8;  1 drivers
v00000261acd8c3d0_0 .net *"_ivl_2", 31 0, L_00000261acd96710;  1 drivers
v00000261acd8ae90_0 .net *"_ivl_5", 4 0, L_00000261acd95b30;  1 drivers
v00000261acd8c010_0 .net *"_ivl_6", 6 0, L_00000261acd94b90;  1 drivers
L_00000261acdd0160 .functor BUFT 1, C4<00>, C4<0>, C4<0>, C4<0>;
v00000261acd8c830_0 .net *"_ivl_9", 1 0, L_00000261acdd0160;  1 drivers
v00000261acd8c970_0 .net "clk", 0 0, v00000261acd94d70_0;  alias, 1 drivers
v00000261acd8c470_0 .net "instr", 31 0, L_00000261acd26520;  alias, 1 drivers
v00000261acd8ba70_0 .net "rd_data1", 31 0, L_00000261acd26830;  alias, 1 drivers
v00000261acd8c290_0 .net "rd_data2", 31 0, L_00000261acd268a0;  alias, 1 drivers
v00000261acd8bb10_0 .net "regWrite", 0 0, v00000261acd8bed0_0;  alias, 1 drivers
v00000261acd8bbb0 .array "reg_memory", 31 0, 31 0;
v00000261acd8c0b0_0 .net "reset", 0 0, v00000261acd95e50_0;  alias, 1 drivers
v00000261acd8c150_0 .net "write_data", 31 0, L_00000261acd965d0;  alias, 1 drivers
v00000261acd8afd0_0 .net "write_reg", 4 0, L_00000261acd95d10;  1 drivers
L_00000261acd95d10 .part L_00000261acd26520, 7, 5;
L_00000261acd96710 .array/port v00000261acd8bbb0, L_00000261acd94b90;
L_00000261acd95b30 .part L_00000261acd26520, 15, 5;
L_00000261acd94b90 .concat [ 5 2 0 0], L_00000261acd95b30, L_00000261acdd0160;
L_00000261acd95450 .array/port v00000261acd8bbb0, L_00000261acd94af0;
L_00000261acd967b0 .part L_00000261acd26520, 20, 5;
L_00000261acd94af0 .concat [ 5 2 0 0], L_00000261acd967b0, L_00000261acdd01a8;
    .scope S_00000261acd23a50;
T_0 ;
    %wait E_00000261acd34e10;
    %load/vec4 v00000261acd00e40_0;
    %nor/r;
    %flag_set/vec4 8;
    %jmp/0xz  T_0.0, 8;
    %pushi/vec4 0, 0, 32;
    %assign/vec4 v00000261acd01520_0, 0;
    %jmp T_0.1;
T_0.0 ;
    %load/vec4 v00000261acd01980_0;
    %assign/vec4 v00000261acd01520_0, 0;
T_0.1 ;
    %jmp T_0;
    .thread T_0;
    .scope S_00000261acd21d30;
T_1 ;
    %vpi_call 10 21 "$readmemh", "instr_mem.hex", v00000261acd8c1f0 {0 0 0};
    %end;
    .thread T_1;
    .scope S_00000261acd177a0;
T_2 ;
    %pushi/vec4 0, 0, 32;
    %ix/load 4, 0, 0;
    %flag_set/imm 4, 0;
    %store/vec4a v00000261acd8bbb0, 4, 0;
    %end;
    .thread T_2;
    .scope S_00000261acd177a0;
T_3 ;
    %wait E_00000261acd34e10;
    %load/vec4 v00000261acd8bb10_0;
    %flag_set/vec4 9;
    %flag_get/vec4 9;
    %jmp/0 T_3.2, 9;
    %load/vec4 v00000261acd8afd0_0;
    %pushi/vec4 0, 0, 5;
    %cmp/ne;
    %flag_get/vec4 4;
    %and;
T_3.2;
    %flag_set/vec4 8;
    %jmp/0xz  T_3.0, 8;
    %load/vec4 v00000261acd8c150_0;
    %load/vec4 v00000261acd8afd0_0;
    %pad/u 7;
    %ix/vec4 3;
    %ix/load 4, 0, 0; Constant delay
    %assign/vec4/a/d v00000261acd8bbb0, 0, 4;
T_3.0 ;
    %jmp T_3;
    .thread T_3;
    .scope S_00000261acd177a0;
T_4 ;
    %pushi/vec4 12, 0, 32;
    %ix/load 4, 3, 0;
    %flag_set/imm 4, 0;
    %store/vec4a v00000261acd8bbb0, 4, 0;
    %pushi/vec4 34, 0, 32;
    %ix/load 4, 4, 0;
    %flag_set/imm 4, 0;
    %store/vec4a v00000261acd8bbb0, 4, 0;
    %end;
    .thread T_4;
    .scope S_00000261acd1ffe0;
T_5 ;
    %wait E_00000261acd34e10;
    %load/vec4 v00000261acd8be30_0;
    %nor/r;
    %flag_set/vec4 8;
    %jmp/0xz  T_5.0, 8;
    %pushi/vec4 0, 0, 32;
    %store/vec4 v00000261acd8bd90_0, 0, 32;
T_5.2 ;
    %load/vec4 v00000261acd8bd90_0;
    %cmpi/s 64, 0, 32;
    %jmp/0xz T_5.3, 5;
    %pushi/vec4 0, 0, 32;
    %ix/getv/s 4, v00000261acd8bd90_0;
    %store/vec4a v00000261acd8aad0, 4, 0;
    %load/vec4 v00000261acd8bd90_0;
    %addi 1, 0, 32;
    %store/vec4 v00000261acd8bd90_0, 0, 32;
    %jmp T_5.2;
T_5.3 ;
    %jmp T_5.1;
T_5.0 ;
    %load/vec4 v00000261acd8ad50_0;
    %flag_set/vec4 8;
    %jmp/0xz  T_5.4, 8;
    %load/vec4 v00000261acd8b890_0;
    %ix/getv 4, v00000261acd8c6f0_0;
    %store/vec4a v00000261acd8aad0, 4, 0;
T_5.4 ;
T_5.1 ;
    %jmp T_5;
    .thread T_5;
    .scope S_00000261acd05d50;
T_6 ;
    %wait E_00000261acd35610;
    %load/vec4 v00000261acd00da0_0;
    %dup/vec4;
    %pushi/vec4 0, 0, 4;
    %cmp/u;
    %jmp/1 T_6.0, 6;
    %dup/vec4;
    %pushi/vec4 1, 0, 4;
    %cmp/u;
    %jmp/1 T_6.1, 6;
    %dup/vec4;
    %pushi/vec4 2, 0, 4;
    %cmp/u;
    %jmp/1 T_6.2, 6;
    %dup/vec4;
    %pushi/vec4 6, 0, 4;
    %cmp/u;
    %jmp/1 T_6.3, 6;
    %pushi/vec4 0, 0, 32;
    %store/vec4 v00000261acd01020_0, 0, 32;
    %jmp T_6.5;
T_6.0 ;
    %load/vec4 v00000261acd01c00_0;
    %load/vec4 v00000261acd01ca0_0;
    %and;
    %store/vec4 v00000261acd01020_0, 0, 32;
    %jmp T_6.5;
T_6.1 ;
    %load/vec4 v00000261acd01c00_0;
    %load/vec4 v00000261acd01ca0_0;
    %or;
    %store/vec4 v00000261acd01020_0, 0, 32;
    %jmp T_6.5;
T_6.2 ;
    %load/vec4 v00000261acd01c00_0;
    %load/vec4 v00000261acd01ca0_0;
    %add;
    %store/vec4 v00000261acd01020_0, 0, 32;
    %jmp T_6.5;
T_6.3 ;
    %load/vec4 v00000261acd01c00_0;
    %load/vec4 v00000261acd01ca0_0;
    %sub;
    %store/vec4 v00000261acd01020_0, 0, 32;
    %jmp T_6.5;
T_6.5 ;
    %pop/vec4 1;
    %jmp T_6;
    .thread T_6, $push;
    .scope S_00000261acd1fe50;
T_7 ;
    %wait E_00000261acd35a50;
    %load/vec4 v00000261acd8b4d0_0;
    %dup/vec4;
    %pushi/vec4 51, 0, 7;
    %cmp/u;
    %jmp/1 T_7.0, 6;
    %dup/vec4;
    %pushi/vec4 3, 0, 7;
    %cmp/u;
    %jmp/1 T_7.1, 6;
    %dup/vec4;
    %pushi/vec4 35, 0, 7;
    %cmp/u;
    %jmp/1 T_7.2, 6;
    %dup/vec4;
    %pushi/vec4 99, 0, 7;
    %cmp/u;
    %jmp/1 T_7.3, 6;
    %pushi/vec4 0, 0, 1;
    %store/vec4 v00000261acd8b7f0_0, 0, 1;
    %pushi/vec4 0, 0, 1;
    %store/vec4 v00000261acd8c8d0_0, 0, 1;
    %pushi/vec4 0, 0, 1;
    %store/vec4 v00000261acd8af30_0, 0, 1;
    %pushi/vec4 0, 0, 2;
    %store/vec4 v00000261acd013e0_0, 0, 2;
    %pushi/vec4 0, 0, 1;
    %store/vec4 v00000261acd8c650_0, 0, 1;
    %pushi/vec4 0, 0, 1;
    %store/vec4 v00000261acd01480_0, 0, 1;
    %pushi/vec4 0, 0, 1;
    %store/vec4 v00000261acd8bed0_0, 0, 1;
    %jmp T_7.5;
T_7.0 ;
    %pushi/vec4 0, 0, 1;
    %store/vec4 v00000261acd8b7f0_0, 0, 1;
    %pushi/vec4 0, 0, 1;
    %store/vec4 v00000261acd8c8d0_0, 0, 1;
    %pushi/vec4 0, 0, 1;
    %store/vec4 v00000261acd8af30_0, 0, 1;
    %pushi/vec4 2, 0, 2;
    %store/vec4 v00000261acd013e0_0, 0, 2;
    %pushi/vec4 0, 0, 1;
    %store/vec4 v00000261acd8c650_0, 0, 1;
    %pushi/vec4 0, 0, 1;
    %store/vec4 v00000261acd01480_0, 0, 1;
    %pushi/vec4 1, 0, 1;
    %store/vec4 v00000261acd8bed0_0, 0, 1;
    %jmp T_7.5;
T_7.1 ;
    %pushi/vec4 0, 0, 1;
    %store/vec4 v00000261acd8b7f0_0, 0, 1;
    %pushi/vec4 1, 0, 1;
    %store/vec4 v00000261acd8c8d0_0, 0, 1;
    %pushi/vec4 1, 0, 1;
    %store/vec4 v00000261acd8af30_0, 0, 1;
    %pushi/vec4 0, 0, 2;
    %store/vec4 v00000261acd013e0_0, 0, 2;
    %pushi/vec4 0, 0, 1;
    %store/vec4 v00000261acd8c650_0, 0, 1;
    %pushi/vec4 1, 0, 1;
    %store/vec4 v00000261acd01480_0, 0, 1;
    %pushi/vec4 1, 0, 1;
    %store/vec4 v00000261acd8bed0_0, 0, 1;
    %jmp T_7.5;
T_7.2 ;
    %pushi/vec4 0, 0, 1;
    %store/vec4 v00000261acd8b7f0_0, 0, 1;
    %pushi/vec4 0, 0, 1;
    %store/vec4 v00000261acd8c8d0_0, 0, 1;
    %pushi/vec4 1, 1, 1;
    %store/vec4 v00000261acd8af30_0, 0, 1;
    %pushi/vec4 0, 0, 2;
    %store/vec4 v00000261acd013e0_0, 0, 2;
    %pushi/vec4 1, 0, 1;
    %store/vec4 v00000261acd8c650_0, 0, 1;
    %pushi/vec4 1, 0, 1;
    %store/vec4 v00000261acd01480_0, 0, 1;
    %pushi/vec4 0, 0, 1;
    %store/vec4 v00000261acd8bed0_0, 0, 1;
    %jmp T_7.5;
T_7.3 ;
    %pushi/vec4 1, 0, 1;
    %store/vec4 v00000261acd8b7f0_0, 0, 1;
    %pushi/vec4 0, 0, 1;
    %store/vec4 v00000261acd8c8d0_0, 0, 1;
    %pushi/vec4 1, 1, 1;
    %store/vec4 v00000261acd8af30_0, 0, 1;
    %pushi/vec4 1, 0, 2;
    %store/vec4 v00000261acd013e0_0, 0, 2;
    %pushi/vec4 0, 0, 1;
    %store/vec4 v00000261acd8c650_0, 0, 1;
    %pushi/vec4 0, 0, 1;
    %store/vec4 v00000261acd01480_0, 0, 1;
    %pushi/vec4 0, 0, 1;
    %store/vec4 v00000261acd8bed0_0, 0, 1;
    %jmp T_7.5;
T_7.5 ;
    %pop/vec4 1;
    %jmp T_7;
    .thread T_7, $push;
    .scope S_00000261acd05ee0;
T_8 ;
    %wait E_00000261acd35a10;
    %load/vec4 v00000261acd010c0_0;
    %load/vec4 v00000261acd01200_0;
    %parti/s 7, 25, 6;
    %concat/vec4; draw_concat_vec4
    %load/vec4 v00000261acd01200_0;
    %parti/s 3, 12, 5;
    %concat/vec4; draw_concat_vec4
    %dup/vec4;
    %pushi/vec4 1023, 1023, 12;
    %cmp/x;
    %jmp/1 T_8.0, 4;
    %dup/vec4;
    %pushi/vec4 4095, 3071, 12;
    %cmp/x;
    %jmp/1 T_8.1, 4;
    %dup/vec4;
    %pushi/vec4 3072, 1024, 12;
    %cmp/x;
    %jmp/1 T_8.2, 4;
    %dup/vec4;
    %pushi/vec4 3328, 1024, 12;
    %cmp/x;
    %jmp/1 T_8.3, 4;
    %dup/vec4;
    %pushi/vec4 3079, 1024, 12;
    %cmp/x;
    %jmp/1 T_8.4, 4;
    %dup/vec4;
    %pushi/vec4 3078, 1024, 12;
    %cmp/x;
    %jmp/1 T_8.5, 4;
    %jmp T_8.6;
T_8.0 ;
    %pushi/vec4 2, 0, 4;
    %store/vec4 v00000261acd01340_0, 0, 4;
    %jmp T_8.6;
T_8.1 ;
    %pushi/vec4 6, 0, 4;
    %store/vec4 v00000261acd01340_0, 0, 4;
    %jmp T_8.6;
T_8.2 ;
    %pushi/vec4 2, 0, 4;
    %store/vec4 v00000261acd01340_0, 0, 4;
    %jmp T_8.6;
T_8.3 ;
    %pushi/vec4 6, 0, 4;
    %store/vec4 v00000261acd01340_0, 0, 4;
    %jmp T_8.6;
T_8.4 ;
    %pushi/vec4 0, 0, 4;
    %store/vec4 v00000261acd01340_0, 0, 4;
    %jmp T_8.6;
T_8.5 ;
    %pushi/vec4 1, 0, 4;
    %store/vec4 v00000261acd01340_0, 0, 4;
    %jmp T_8.6;
T_8.6 ;
    %pop/vec4 1;
    %jmp T_8;
    .thread T_8, $push;
    .scope S_00000261acd21ba0;
T_9 ;
    %wait E_00000261acd35150;
    %pushi/vec4 0, 0, 32;
    %store/vec4 v00000261acd8b1b0_0, 0, 32;
    %load/vec4 v00000261acd8b430_0;
    %parti/s 7, 0, 2;
    %dup/vec4;
    %pushi/vec4 3, 0, 7;
    %cmp/u;
    %jmp/1 T_9.0, 6;
    %dup/vec4;
    %pushi/vec4 19, 0, 7;
    %cmp/u;
    %jmp/1 T_9.1, 6;
    %dup/vec4;
    %pushi/vec4 35, 0, 7;
    %cmp/u;
    %jmp/1 T_9.2, 6;
    %dup/vec4;
    %pushi/vec4 99, 0, 7;
    %cmp/u;
    %jmp/1 T_9.3, 6;
    %jmp T_9.4;
T_9.0 ;
    %load/vec4 v00000261acd8b430_0;
    %parti/s 1, 31, 6;
    %replicate 20;
    %load/vec4 v00000261acd8b430_0;
    %parti/s 12, 20, 6;
    %concat/vec4; draw_concat_vec4
    %store/vec4 v00000261acd8b1b0_0, 0, 32;
    %jmp T_9.4;
T_9.1 ;
    %load/vec4 v00000261acd8b430_0;
    %parti/s 1, 31, 6;
    %replicate 20;
    %load/vec4 v00000261acd8b430_0;
    %parti/s 12, 20, 6;
    %concat/vec4; draw_concat_vec4
    %store/vec4 v00000261acd8b1b0_0, 0, 32;
    %jmp T_9.4;
T_9.2 ;
    %load/vec4 v00000261acd8b430_0;
    %parti/s 1, 31, 6;
    %replicate 20;
    %load/vec4 v00000261acd8b430_0;
    %parti/s 7, 25, 6;
    %concat/vec4; draw_concat_vec4
    %load/vec4 v00000261acd8b430_0;
    %parti/s 5, 7, 4;
    %concat/vec4; draw_concat_vec4
    %store/vec4 v00000261acd8b1b0_0, 0, 32;
    %jmp T_9.4;
T_9.3 ;
    %load/vec4 v00000261acd8b430_0;
    %parti/s 1, 31, 6;
    %replicate 19;
    %load/vec4 v00000261acd8b430_0;
    %parti/s 1, 31, 6;
    %concat/vec4; draw_concat_vec4
    %load/vec4 v00000261acd8b430_0;
    %parti/s 1, 7, 4;
    %concat/vec4; draw_concat_vec4
    %load/vec4 v00000261acd8b430_0;
    %parti/s 6, 25, 6;
    %concat/vec4; draw_concat_vec4
    %load/vec4 v00000261acd8b430_0;
    %parti/s 4, 8, 5;
    %concat/vec4; draw_concat_vec4
    %concati/vec4 0, 0, 1;
    %store/vec4 v00000261acd8b1b0_0, 0, 32;
    %jmp T_9.4;
T_9.4 ;
    %pop/vec4 1;
    %jmp T_9;
    .thread T_9, $push;
    .scope S_00000261acd04320;
T_10 ;
    %pushi/vec4 0, 0, 1;
    %store/vec4 v00000261acd94d70_0, 0, 1;
    %end;
    .thread T_10;
    .scope S_00000261acd04320;
T_11 ;
    %delay 5000, 0;
    %load/vec4 v00000261acd94d70_0;
    %inv;
    %store/vec4 v00000261acd94d70_0, 0, 1;
    %jmp T_11;
    .thread T_11;
    .scope S_00000261acd04320;
T_12 ;
    %pushi/vec4 1, 0, 1;
    %store/vec4 v00000261acd95e50_0, 0, 1;
    %delay 2000, 0;
    %load/vec4 v00000261acd95e50_0;
    %inv;
    %store/vec4 v00000261acd95e50_0, 0, 1;
    %delay 10000, 0;
    %load/vec4 v00000261acd95e50_0;
    %inv;
    %store/vec4 v00000261acd95e50_0, 0, 1;
    %delay 200000, 0;
    %vpi_call 2 19 "$finish" {0 0 0};
    %end;
    .thread T_12;
    .scope S_00000261acd04320;
T_13 ;
    %vpi_call 2 23 "$monitor", "reg_mem[2] = %d", &A<v00000261acd8bbb0, 2> {0 0 0};
    %end;
    .thread T_13;
    .scope S_00000261acd04320;
T_14 ;
    %vpi_call 2 27 "$dumpfile", "RISC_V.vcd" {0 0 0};
    %vpi_call 2 28 "$dumpvars", 32'sb00000000000000000000000000000000, S_00000261acd04320 {0 0 0};
    %end;
    .thread T_14;
# The file index is used to find the file name in the following table.
:file_names 12;
    "N/A";
    "<interactive>";
    "top_module_tb.v";
    "./top_module.v";
    "./program_counter.v";
    "./ALU.v";
    "./ALU_control.v";
    "./control_unit.v";
    "./data_memory.v";
    "./imm_gen.v";
    "./instruction_memory.v";
    "./register_file.v";
